<30>Jun  5 22:18:42 linuxmint dbus-daemon[895]: [session uid=1000 pid=895] Activating via systemd: service name='org.gnome.Terminal' unit='gnome-terminal-server.service' requested by ':1.74' (uid=1000 pid=1617 comm="/usr/bin/gnome-terminal.real " label="unconfined")
<30>Jun  5 22:18:42 linuxmint systemd[866]: Starting GNOME Terminal Server...tivating via systemd: service name='org.gnome.Terminal' unit='gnome-terminal-server.service' requested by ':1.74' (uid=1000 pid=1617 comm="/usr/bin/gnome-terminal.real " label="unconfined")
<30>Jun  5 22:18:42 linuxmint dbus-daemon[895]: [session uid=1000 pid=895] Successfully activated service 'org.gnome.Terminal'minal' unit='gnome-terminal-server.service' requested by ':1.74' (uid=1000 pid=1617 comm="/usr/bin/gnome-terminal.real " label="unconfined")
<30>Jun  5 22:18:42 linuxmint systemd[866]: Started GNOME Terminal Server. Successfully activated service 'org.gnome.Terminal'minal' unit='gnome-terminal-server.service' requested by ':1.74' (uid=1000 pid=1617 comm="/usr/bin/gnome-terminal.real " label="unconfined")
<30>Jun  5 22:19:00 debian dbus-daemon[1037]: Activating via systemd: service name='org.gtk.vfs.Metadata' unit='gvfs-metadata.service'nit='gnome-terminal-server.service' requested by ':1.74' (uid=1000 pid=1617 comm="/usr/bin/gnome-terminal.real " label="unconfined")
<30>Jun  5 22:19:00 debian systemd[1019]: Starting Virtual filesystem metadata service...tk.vfs.Metadata' unit='gvfs-metadata.service'nit='gnome-terminal-server.service' requested by ':1.74' (uid=1000 pid=1617 comm="/usr/bin/gnome-terminal.real " label="unconfined")
<30>Jun  5 22:19:00 debian dbus-daemon[1037]: Successfully activated service 'org.gtk.vfs.Metadata'adata' unit='gvfs-metadata.service'nit='gnome-terminal-server.service' requested by ':1.74' (uid=1000 pid=1617 comm="/usr/bin/gnome-terminal.real " label="unconfined")
<30>Jun  5 22:19:00 debian systemd[1019]: Started Virtual filesystem metadata service.vfs.Metadata'adata' unit='gvfs-metadata.service'nit='gnome-terminal-server.service' requested by ':1.74' (uid=1000 pid=1617 comm="/usr/bin/gnome-terminal.real " label="unconfined")
<30>Jun  5 22:19:09 linuxmint dbus-daemon[895]: [session uid=1000 pid=895] Activating via systemd: service name='org.gnome.Terminal' unit='gnome-terminal-server.service' requested by ':1.76' (uid=1000 pid=1639 comm="/usr/bin/gnome-terminal.real " label="unconfined")
<30>Jun  5 22:19:09 linuxmint systemd[866]: Starting GNOME Terminal Server...tivating via systemd: service name='org.gnome.Terminal' unit='gnome-terminal-server.service' requested by ':1.76' (uid=1000 pid=1639 comm="/usr/bin/gnome-terminal.real " label="unconfined")
<30>Jun  5 22:19:09 linuxmint dbus-daemon[895]: [session uid=1000 pid=895] Successfully activated service 'org.gnome.Terminal'minal' unit='gnome-terminal-server.service' requested by ':1.76' (uid=1000 pid=1639 comm="/usr/bin/gnome-terminal.real " label="unconfined")
<30>Jun  5 22:19:09 linuxmint systemd[866]: Started GNOME Terminal Server. Successfully activated service 'org.gnome.Terminal'minal' unit='gnome-terminal-server.service' requested by ':1.76' (uid=1000 pid=1639 comm="/usr/bin/gnome-terminal.real " label="unconfined")
<30>Jun  5 22:19:12 debian dbus-daemon[1037]: Activating via systemd: service name='org.gnome.Terminal' unit='gnome-terminal-server.service'nome-terminal-server.service' requested by ':1.76' (uid=1000 pid=1639 comm="/usr/bin/gnome-terminal.real " label="unconfined")
<30>Jun  5 22:19:12 debian systemd[1019]: Starting GNOME Terminal Server...ce name='org.gnome.Terminal' unit='gnome-terminal-server.service'nome-terminal-server.service' requested by ':1.76' (uid=1000 pid=1639 comm="/usr/bin/gnome-terminal.real " label="unconfined")
<30>Jun  5 22:19:12 debian dbus-daemon[1037]: Successfully activated service 'org.gnome.Terminal'minal' unit='gnome-terminal-server.service'nome-terminal-server.service' requested by ':1.76' (uid=1000 pid=1639 comm="/usr/bin/gnome-terminal.real " label="unconfined")
<30>Jun  5 22:19:12 debian systemd[1019]: Started GNOME Terminal Server.vice 'org.gnome.Terminal'minal' unit='gnome-terminal-server.service'nome-terminal-server.service' requested by ':1.76' (uid=1000 pid=1639 comm="/usr/bin/gnome-terminal.real " label="unconfined")
<12>Jun  5 23:19:24 kernel: Rcv Wcid(1) AddBAReq
 GNOME Terminal Server.vice 'org.gnome.Terminal'minal' unit='gnome-terminal-server.service'nome-terminal-server.service' requested by ':1.76' (uid=1000 pid=1639 comm="/usr/bin/gnome-terminal.real " label="unconfined")
<12>Jun  5 23:19:24 kernel: Start Seq = 00000016
 GNOME Terminal Server.vice 'org.gnome.Terminal'minal' unit='gnome-terminal-server.service'nome-terminal-server.service' requested by ':1.76' (uid=1000 pid=1639 comm="/usr/bin/gnome-terminal.real " label="unconfined")
